13:54:55.300 [main] INFO  - Navigating to policy bazaar home page.....
13:54:55.686 [main] INFO  - clicking on travel insurance icon.....
13:55:06.738 [main] INFO  - Entering Destination country .....
13:55:08.458 [main] INFO  - Entering the dates.....
13:55:10.288 [main] INFO  - Entering the Number of travellers and their ages.....
13:55:11.550 [main] INFO  - Selecting previous medical history.....
13:55:11.950 [main] INFO  - Entering contact details.....
13:55:13.941 [main] INFO  - Navigating to results page.....
13:55:19.621 [main] INFO  - selecting plan type.....
13:55:20.645 [main] INFO  - confirming with the No.of travellers.....
13:55:21.718 [main] INFO  - Sorting by low to high.....
13:55:28.601 [main] INFO  - Storing list in excel sheet.....
13:55:46.141 [main] INFO  - Navigating to policy bazaar home page.....
13:55:46.915 [main] INFO  - clicking on car insurance icon.....
13:55:50.907 [main] INFO  - clicking on view prices button without car number.....
13:55:51.402 [main] INFO  - Error message captured.....
13:55:51.874 [main] INFO  - clicking on new car button.....
13:55:53.782 [main] INFO  - Selecting city and rto.....
13:55:54.975 [main] INFO  - Selecting brand name.....
13:55:55.508 [main] INFO  - Selecting model name.....
13:55:55.961 [main] INFO  - Selecting fuel type.....
13:55:56.300 [main] INFO  - Selecting variant type.....
13:55:56.913 [main] INFO  - Entering invalid email.....
13:55:58.193 [main] INFO  - Error message captured.....
13:56:17.730 [main] INFO  - Navigating to policy bazaar home page.....
13:56:18.136 [main] INFO  - Hovering to insurance products.....
13:56:19.016 [main] INFO  - Storing the health insurance menu in excel.....
13:56:36.208 [main] INFO  - Navigating to policy bazaar home page.....
13:56:36.861 [main] INFO  - Clicking on health insurance link.....
13:56:41.055 [main] INFO  - Selecting a member.....
13:56:41.592 [main] INFO  - Selecting age of the member.....
13:56:42.312 [main] INFO  - Selecting city of the member.....
13:56:42.966 [main] INFO  - Entering contact details of the member.....
13:56:57.171 [main] INFO  - Sorting and storing the list in excel.....
13:59:27.087 [main] INFO  - Navigating to policy bazaar home page.....
13:59:27.580 [main] INFO  - clicking on travel insurance icon.....
13:59:34.446 [main] INFO  - Entering Destination country .....
13:59:36.057 [main] INFO  - Entering the dates.....
13:59:38.469 [main] INFO  - Entering the Number of travellers and their ages.....
13:59:39.843 [main] INFO  - Selecting previous medical history.....
13:59:40.443 [main] INFO  - Entering contact details.....
13:59:43.824 [main] INFO  - Navigating to results page.....
13:59:52.844 [main] INFO  - selecting plan type.....
13:59:54.220 [main] INFO  - confirming with the No.of travellers.....
13:59:55.685 [main] INFO  - Sorting by low to high.....
14:00:03.348 [main] INFO  - Storing list in excel sheet.....
14:00:27.310 [main] INFO  - Navigating to policy bazaar home page.....
14:00:27.740 [main] INFO  - clicking on car insurance icon.....
14:00:32.190 [main] INFO  - clicking on view prices button without car number.....
14:00:32.675 [main] INFO  - Error message captured.....
14:00:33.204 [main] INFO  - clicking on new car button.....
14:00:34.980 [main] INFO  - Selecting city and rto.....
14:00:35.890 [main] INFO  - Selecting brand name.....
14:00:36.344 [main] INFO  - Selecting model name.....
14:00:36.755 [main] INFO  - Selecting fuel type.....
14:00:37.043 [main] INFO  - Selecting variant type.....
14:00:37.671 [main] INFO  - Entering invalid email.....
14:00:39.076 [main] INFO  - Error message captured.....
14:00:56.381 [main] INFO  - Navigating to policy bazaar home page.....
14:00:56.988 [main] INFO  - Hovering to insurance products.....
14:00:58.207 [main] INFO  - Storing the health insurance menu in excel.....
14:01:18.451 [main] INFO  - Navigating to policy bazaar home page.....
14:01:19.188 [main] INFO  - Clicking on health insurance link.....
14:01:24.006 [main] INFO  - Selecting a member.....
14:01:24.583 [main] INFO  - Selecting age of the member.....
14:01:25.405 [main] INFO  - Selecting city of the member.....
14:01:26.091 [main] INFO  - Entering contact details of the member.....
14:01:42.164 [main] INFO  - Sorting and storing the list in excel.....
14:03:11.759 [main] INFO  - Navigating to policy bazaar home page.....
14:03:12.108 [main] INFO  - clicking on travel insurance icon.....
14:03:24.118 [main] INFO  - Entering Destination country .....
14:03:26.463 [main] INFO  - Entering the dates.....
14:04:09.422 [main] INFO  - Navigating to policy bazaar home page.....
14:04:09.913 [main] INFO  - clicking on car insurance icon.....
14:04:18.314 [main] INFO  - clicking on view prices button without car number.....
14:04:18.902 [main] INFO  - Error message captured.....
14:04:19.928 [main] INFO  - clicking on new car button.....
14:04:22.077 [main] INFO  - Selecting city and rto.....
14:04:23.324 [main] INFO  - Selecting brand name.....
14:04:23.963 [main] INFO  - Selecting model name.....
14:04:24.727 [main] INFO  - Selecting fuel type.....
14:04:25.133 [main] INFO  - Selecting variant type.....
14:04:25.959 [main] INFO  - Entering invalid email.....
14:04:27.668 [main] INFO  - Error message captured.....
14:04:54.267 [main] INFO  - Navigating to policy bazaar home page.....
14:04:54.840 [main] INFO  - Hovering to insurance products.....
14:04:55.635 [main] INFO  - Storing the health insurance menu in excel.....
14:05:21.690 [main] INFO  - Navigating to policy bazaar home page.....
14:05:22.351 [main] INFO  - Clicking on health insurance link.....
14:05:28.467 [main] INFO  - Selecting a member.....
14:05:29.066 [main] INFO  - Selecting age of the member.....
14:05:29.977 [main] INFO  - Selecting city of the member.....
14:05:30.804 [main] INFO  - Entering contact details of the member.....
14:05:46.438 [main] INFO  - Sorting and storing the list in excel.....
14:29:05.006 [main] INFO  - Navigating to policy bazaar home page.....
14:29:05.342 [main] INFO  - clicking on travel insurance icon.....
14:29:09.946 [main] INFO  - Entering Destination country .....
14:29:11.347 [main] INFO  - Entering the dates.....
14:29:13.257 [main] INFO  - Entering the Number of travellers and their ages.....
14:29:14.539 [main] INFO  - Selecting previous medical history.....
14:29:14.934 [main] INFO  - Entering contact details.....
14:29:17.083 [main] INFO  - Navigating to results page.....
14:29:20.978 [main] INFO  - selecting plan type.....
14:29:21.278 [main] INFO  - confirming with the No.of travellers.....
14:29:22.488 [main] INFO  - Sorting by low to high.....
14:29:28.625 [main] INFO  - Storing list in excel sheet.....
14:29:46.041 [main] INFO  - Navigating to policy bazaar home page.....
14:29:46.478 [main] INFO  - clicking on car insurance icon.....
14:29:49.478 [main] INFO  - clicking on view prices button without car number.....
14:29:49.934 [main] INFO  - Error message captured.....
14:29:50.320 [main] INFO  - clicking on new car button.....
14:29:52.139 [main] INFO  - Selecting city and rto.....
14:29:52.979 [main] INFO  - Selecting brand name.....
14:29:53.471 [main] INFO  - Selecting model name.....
14:29:53.935 [main] INFO  - Selecting fuel type.....
14:29:54.211 [main] INFO  - Selecting variant type.....
14:29:54.791 [main] INFO  - Entering invalid email.....
14:29:55.960 [main] INFO  - Error message captured.....
14:30:11.263 [main] INFO  - Navigating to policy bazaar home page.....
14:30:11.794 [main] INFO  - Hovering to insurance products.....
14:30:12.753 [main] INFO  - Storing the health insurance menu in excel.....
14:30:27.666 [main] INFO  - Navigating to policy bazaar home page.....
14:30:28.729 [main] INFO  - Clicking on health insurance link.....
14:30:32.069 [main] INFO  - Selecting a member.....
14:30:32.599 [main] INFO  - Selecting age of the member.....
14:30:33.268 [main] INFO  - Selecting city of the member.....
14:30:33.800 [main] INFO  - Entering contact details of the member.....
14:30:56.958 [main] INFO  - Sorting and storing the list in excel.....
14:31:32.068 [main] INFO  - Navigating to policy bazaar home page.....
14:31:32.409 [main] INFO  - clicking on travel insurance icon.....
14:35:08.997 [main] INFO  - Navigating to policy bazaar home page.....
14:35:09.417 [main] INFO  - clicking on travel insurance icon.....
14:35:14.715 [main] INFO  - Entering Destination country .....
14:35:16.481 [main] INFO  - Entering the dates.....
14:35:18.418 [main] INFO  - Entering the Number of travellers and their ages.....
14:35:20.141 [main] INFO  - Selecting previous medical history.....
14:35:20.583 [main] INFO  - Entering contact details.....
14:35:22.280 [main] INFO  - Navigating to results page.....
14:35:26.733 [main] INFO  - selecting plan type.....
14:35:27.793 [main] INFO  - confirming with the No.of travellers.....
14:35:29.519 [main] INFO  - Sorting by low to high.....
14:35:36.425 [main] INFO  - Storing list in excel sheet.....
14:35:49.812 [main] INFO  - Navigating to policy bazaar home page.....
14:35:54.301 [main] INFO  - clicking on car insurance icon.....
14:35:57.671 [main] INFO  - clicking on view prices button without car number.....
14:35:58.145 [main] INFO  - Error message captured.....
14:35:58.551 [main] INFO  - clicking on new car button.....
14:36:00.500 [main] INFO  - Selecting city and rto.....
14:36:01.488 [main] INFO  - Selecting brand name.....
14:36:02.087 [main] INFO  - Selecting model name.....
14:36:02.689 [main] INFO  - Selecting fuel type.....
14:36:03.126 [main] INFO  - Selecting variant type.....
14:36:03.825 [main] INFO  - Entering invalid email.....
14:36:05.286 [main] INFO  - Error message captured.....
14:36:19.560 [main] INFO  - Navigating to policy bazaar home page.....
14:36:19.913 [main] INFO  - Hovering to insurance products.....
14:36:20.711 [main] INFO  - Storing the health insurance menu in excel.....
14:36:35.499 [main] INFO  - Navigating to policy bazaar home page.....
14:36:36.253 [main] INFO  - Clicking on health insurance link.....
14:36:39.956 [main] INFO  - Selecting a member.....
14:36:40.441 [main] INFO  - Selecting age of the member.....
14:36:41.116 [main] INFO  - Selecting city of the member.....
14:36:41.699 [main] INFO  - Entering contact details of the member.....
14:37:08.365 [main] INFO  - Sorting and storing the list in excel.....
14:38:04.766 [main] INFO  - Navigating to policy bazaar home page.....
14:38:05.036 [main] INFO  - clicking on travel insurance icon.....
14:38:34.554 [main] INFO  - Entering Destination country .....
14:38:35.788 [main] INFO  - Entering the dates.....
14:38:38.699 [main] INFO  - Entering the Number of travellers and their ages.....
14:38:39.830 [main] INFO  - Selecting previous medical history.....
14:38:40.172 [main] INFO  - Entering contact details.....
14:38:41.726 [main] INFO  - Navigating to results page.....
14:38:44.562 [main] INFO  - selecting plan type.....
14:38:45.236 [main] INFO  - confirming with the No.of travellers.....
14:38:46.263 [main] INFO  - Sorting by low to high.....
14:38:52.537 [main] INFO  - Storing list in excel sheet.....
14:39:09.518 [main] INFO  - Navigating to policy bazaar home page.....
14:39:09.942 [main] INFO  - clicking on car insurance icon.....
14:39:17.056 [main] INFO  - clicking on view prices button without car number.....
14:39:17.510 [main] INFO  - Error message captured.....
14:39:17.852 [main] INFO  - clicking on new car button.....
14:39:19.831 [main] INFO  - Selecting city and rto.....
14:39:21.216 [main] INFO  - Selecting brand name.....
14:39:21.781 [main] INFO  - Selecting model name.....
14:39:22.184 [main] INFO  - Selecting fuel type.....
14:39:22.413 [main] INFO  - Selecting variant type.....
14:39:22.970 [main] INFO  - Entering invalid email.....
14:39:24.225 [main] INFO  - Error message captured.....
14:39:47.625 [main] INFO  - Navigating to policy bazaar home page.....
14:39:47.964 [main] INFO  - Hovering to insurance products.....
14:39:49.052 [main] INFO  - Storing the health insurance menu in excel.....
14:40:15.423 [main] INFO  - Navigating to policy bazaar home page.....
14:40:16.012 [main] INFO  - Clicking on health insurance link.....
14:40:20.083 [main] INFO  - Selecting a member.....
14:40:20.651 [main] INFO  - Selecting age of the member.....
14:40:21.517 [main] INFO  - Selecting city of the member.....
14:40:22.095 [main] INFO  - Entering contact details of the member.....
14:40:37.882 [main] INFO  - Sorting and storing the list in excel.....
14:44:28.661 [main] INFO  - Navigating to policy bazaar home page.....
14:44:29.105 [main] INFO  - clicking on travel insurance icon.....
14:44:33.860 [main] INFO  - Entering Destination country .....
14:45:06.853 [main] INFO  - Entering the dates.....
14:45:34.476 [main] INFO  - Entering the Number of travellers and their ages.....
14:45:56.966 [main] INFO  - Selecting previous medical history.....
14:46:43.519 [main] INFO  - Entering contact details.....
14:46:45.452 [main] INFO  - Navigating to results page.....
14:46:55.015 [main] INFO  - Navigating to policy bazaar home page.....
14:46:59.170 [main] INFO  - clicking on car insurance icon.....
14:47:02.026 [main] INFO  - clicking on view prices button without car number.....
14:47:02.460 [main] INFO  - Error message captured.....
14:52:23.300 [main] INFO  - Navigating to policy bazaar home page.....
14:52:23.651 [main] INFO  - clicking on travel insurance icon.....
14:52:29.633 [main] INFO  - Entering Destination country .....
14:52:54.014 [main] INFO  - Entering the dates.....
14:53:18.045 [main] INFO  - Entering the Number of travellers and their ages.....
14:53:42.784 [main] INFO  - Selecting previous medical history.....
14:54:25.807 [main] INFO  - Entering contact details.....
14:54:27.787 [main] INFO  - Navigating to results page.....
14:55:09.161 [main] INFO  - Navigating to policy bazaar home page.....
14:55:09.982 [main] INFO  - clicking on car insurance icon.....
14:55:33.113 [main] INFO  - clicking on view prices button without car number.....
14:55:33.489 [main] INFO  - Error message captured.....
14:55:59.571 [main] INFO  - clicking on new car button.....
14:56:01.930 [main] INFO  - Selecting city and rto.....
14:56:35.124 [main] INFO  - Selecting brand name.....
14:56:54.090 [main] INFO  - Selecting model name.....
14:57:15.094 [main] INFO  - Selecting fuel type.....
14:57:36.208 [main] INFO  - Selecting variant type.....
14:57:56.965 [main] INFO  - Clicking on view prices and captureing error messages.....
14:58:17.981 [main] INFO  - Entering invalid phone number.....
14:58:38.522 [main] INFO  - Entering invalid email.....
14:58:48.005 [main] INFO  - Navigating to policy bazaar home page.....
14:58:52.908 [main] INFO  - Hovering to insurance products.....
14:58:53.621 [main] INFO  - Storing the health insurance menu in excel.....
14:59:26.864 [main] INFO  - Clicking on health insurance link.....
14:59:30.973 [main] INFO  - Selecting a member.....
14:59:55.989 [main] INFO  - Selecting age of the member.....
15:00:49.299 [main] INFO  - Selecting city of the member.....
15:01:08.582 [main] INFO  - Entering contact details of the member.....
15:05:03.769 [main] INFO  - Navigating to policy bazaar home page.....
15:05:03.830 [main] INFO  - clicking on travel insurance icon.....
15:05:04.158 [main] INFO  - Entering Destination country .....
15:05:09.153 [main] INFO  - Entering the dates.....
15:05:10.906 [main] INFO  - Entering the Number of travellers and their ages.....
15:05:12.347 [main] INFO  - Selecting previous medical history.....
15:05:13.223 [main] INFO  - Entering invalid contact details.....
15:05:15.466 [main] INFO  - Capturing error message.....
15:05:45.473 [main] INFO  - selecting plan type.....
15:05:49.969 [main] INFO  - confirming with the No.of travellers.....
15:05:51.446 [main] INFO  - Sorting by low to high.....
15:05:53.581 [main] INFO  - Storing list in excel sheet.....
15:06:14.568 [main] INFO  - Navigating to policy bazaar home page.....
15:06:14.871 [main] INFO  - Hovering to insurance products.....
15:06:15.137 [main] INFO  - Storing the health insurance menu in excel.....
15:06:18.825 [main] INFO  - Clicking continue without selecting a member.....
15:06:19.342 [main] INFO  - capturing error message.....
15:06:38.389 [main] INFO  - Clicking continue without selecting a age.....
15:06:38.783 [main] INFO  - capturing error message.....
15:06:57.276 [main] INFO  - Clicking continue without selecting a city.....
15:06:57.622 [main] INFO  - capturing error message.....
15:07:46.913 [main] INFO  - Clicking continue without entering contact details.....
15:07:47.287 [main] INFO  - capturing error message.....
15:08:32.031 [main] INFO  - Clicking continue without entering phone number.....
15:08:32.784 [main] INFO  - capturing error message.....
15:08:53.946 [main] INFO  - Clicking continue without entering invalid phone number.....
15:08:54.832 [main] INFO  - capturing error message.....
15:09:15.123 [main] INFO  - Clicking continue without selecting medical check box.....
15:09:15.648 [main] INFO  - capturing error message.....
15:09:36.518 [main] INFO  - Sorting and storing the list in excel.....
15:18:04.885 [main] INFO  - Navigating to policy bazaar home page.....
15:18:04.918 [main] INFO  - clicking on travel insurance icon.....
15:18:05.254 [main] INFO  - Entering Destination country .....
15:18:10.140 [main] INFO  - Entering the dates.....
15:18:11.884 [main] INFO  - Entering the Number of travellers and their ages.....
15:18:13.210 [main] INFO  - Selecting previous medical history.....
15:18:14.175 [main] INFO  - Entering invalid contact details.....
15:18:16.313 [main] INFO  - Capturing error message.....
15:18:44.162 [main] INFO  - selecting plan type.....
15:18:48.341 [main] INFO  - confirming with the No.of travellers.....
15:18:49.375 [main] INFO  - Sorting by low to high.....
15:18:51.164 [main] INFO  - Storing list in excel sheet.....
15:19:14.131 [main] INFO  - Navigating to policy bazaar home page.....
15:19:14.450 [main] INFO  - Hovering to insurance products.....
15:19:14.720 [main] INFO  - Storing the health insurance menu in excel.....
15:19:19.355 [main] INFO  - Clicking continue without selecting a member.....
15:19:19.843 [main] INFO  - capturing error message.....
15:19:37.284 [main] INFO  - Clicking continue without selecting a age.....
15:19:37.644 [main] INFO  - capturing error message.....
15:20:05.877 [main] INFO  - Clicking continue without selecting a city.....
15:20:06.326 [main] INFO  - capturing error message.....
15:20:29.490 [main] INFO  - Clicking continue without entering contact details.....
15:20:29.861 [main] INFO  - capturing error message.....
15:24:39.001 [main] INFO  - Navigating to policy bazaar home page.....
15:24:39.033 [main] INFO  - clicking on travel insurance icon.....
15:24:39.332 [main] INFO  - Entering Destination country .....
15:24:44.396 [main] INFO  - Entering the dates.....
15:24:46.077 [main] INFO  - Entering the Number of travellers and their ages.....
15:24:47.231 [main] INFO  - Selecting previous medical history.....
15:24:48.114 [main] INFO  - Entering invalid contact details.....
15:24:49.335 [main] INFO  - Capturing error message.....
15:25:16.835 [main] INFO  - selecting plan type.....
15:25:20.794 [main] INFO  - confirming with the No.of travellers.....
15:25:21.771 [main] INFO  - Sorting by low to high.....
15:25:23.362 [main] INFO  - Storing list in excel sheet.....
15:25:44.450 [main] INFO  - Navigating to policy bazaar home page.....
15:25:44.853 [main] INFO  - Hovering to insurance products.....
15:25:45.129 [main] INFO  - Storing the health insurance menu in excel.....
15:25:49.327 [main] INFO  - Clicking continue without selecting a member.....
15:25:49.767 [main] INFO  - capturing error message.....
15:26:08.753 [main] INFO  - Clicking continue without selecting a age.....
15:26:09.132 [main] INFO  - capturing error message.....
15:26:27.316 [main] INFO  - Clicking continue without selecting a city.....
15:26:27.654 [main] INFO  - capturing error message.....
15:26:46.967 [main] INFO  - Clicking continue without entering contact details.....
15:26:47.370 [main] INFO  - capturing error message.....
15:27:54.102 [main] INFO  - Clicking continue without entering phone number.....
15:27:54.936 [main] INFO  - capturing error message.....
15:28:26.805 [main] INFO  - Clicking continue without entering invalid phone number.....
15:28:27.788 [main] INFO  - capturing error message.....
15:28:59.803 [main] INFO  - Clicking continue without selecting medical check box.....
15:29:00.466 [main] INFO  - capturing error message.....
15:29:36.264 [main] INFO  - Sorting and storing the list in excel.....
15:34:03.400 [main] INFO  - Navigating to policy bazaar home page.....
15:34:03.840 [main] INFO  - clicking on travel insurance icon.....
15:34:10.268 [main] INFO  - Entering Destination country .....
15:34:11.571 [main] INFO  - Entering the dates.....
15:34:52.216 [main] INFO  - Navigating to policy bazaar home page.....
15:34:52.556 [main] INFO  - clicking on travel insurance icon.....
15:34:58.896 [main] INFO  - Entering Destination country .....
15:35:00.702 [main] INFO  - Entering the dates.....
15:35:02.479 [main] INFO  - Entering the Number of travellers and their ages.....
15:35:03.681 [main] INFO  - Selecting previous medical history.....
15:35:04.115 [main] INFO  - Entering contact details.....
15:35:06.435 [main] INFO  - Navigating to results page.....
15:35:12.594 [main] INFO  - selecting plan type.....
15:35:13.577 [main] INFO  - confirming with the No.of travellers.....
15:35:14.747 [main] INFO  - Sorting by low to high.....
15:35:21.051 [main] INFO  - Storing list in excel sheet.....
15:35:38.008 [main] INFO  - Navigating to policy bazaar home page.....
15:35:38.423 [main] INFO  - clicking on car insurance icon.....
15:35:41.944 [main] INFO  - clicking on view prices button without car number.....
15:35:42.392 [main] INFO  - Error message captured.....
15:35:42.800 [main] INFO  - clicking on new car button.....
15:35:44.621 [main] INFO  - Selecting city and rto.....
15:35:45.561 [main] INFO  - Selecting brand name.....
15:35:45.985 [main] INFO  - Selecting model name.....
15:35:46.565 [main] INFO  - Selecting fuel type.....
15:35:46.903 [main] INFO  - Selecting variant type.....
15:35:47.462 [main] INFO  - Entering invalid email.....
15:35:48.558 [main] INFO  - Error message captured.....
15:36:01.689 [main] INFO  - Navigating to policy bazaar home page.....
15:36:02.115 [main] INFO  - Hovering to insurance products.....
15:36:03.011 [main] INFO  - Storing the health insurance menu in excel.....
15:36:20.016 [main] INFO  - Navigating to policy bazaar home page.....
15:36:20.609 [main] INFO  - Clicking on health insurance link.....
15:36:28.376 [main] INFO  - Selecting a member.....
15:36:28.774 [main] INFO  - Selecting age of the member.....
15:36:29.642 [main] INFO  - Selecting city of the member.....
15:36:30.376 [main] INFO  - Entering contact details of the member.....
15:37:08.010 [main] INFO  - Sorting and storing the list in excel.....
15:37:23.023 [main] INFO  - Navigating to policy bazaar home page.....
15:37:35.197 [main] INFO  - clicking on travel insurance icon.....
15:37:35.706 [main] INFO  - Entering Destination country .....
15:37:44.778 [main] INFO  - Entering the dates.....
15:37:46.943 [main] INFO  - Entering the Number of travellers and their ages.....
17:48:25.110 [main] INFO  - Navigating to policy bazaar home page.....
17:48:25.655 [main] INFO  - clicking on travel insurance icon.....
17:48:30.672 [main] INFO  - Entering Destination country .....
17:48:32.474 [main] INFO  - Entering the dates.....
17:48:35.100 [main] INFO  - Entering the Number of travellers and their ages.....
17:48:37.210 [main] INFO  - Selecting previous medical history.....
17:48:38.007 [main] INFO  - Entering contact details.....
17:48:39.937 [main] INFO  - Navigating to results page.....
17:48:43.774 [main] INFO  - selecting plan type.....
17:48:44.407 [main] INFO  - confirming with the No.of travellers.....
17:48:46.019 [main] INFO  - Sorting by low to high.....
17:48:53.389 [main] INFO  - Storing list in excel sheet.....
17:49:22.595 [main] INFO  - Navigating to policy bazaar home page.....
17:49:23.787 [main] INFO  - clicking on car insurance icon.....
17:49:29.347 [main] INFO  - clicking on view prices button without car number.....
17:49:30.036 [main] INFO  - Error message captured.....
17:49:31.001 [main] INFO  - clicking on new car button.....
17:49:32.867 [main] INFO  - Selecting city and rto.....
17:49:34.493 [main] INFO  - Selecting brand name.....
17:49:35.192 [main] INFO  - Selecting model name.....
17:49:35.944 [main] INFO  - Selecting fuel type.....
17:49:36.740 [main] INFO  - Selecting variant type.....
17:49:37.945 [main] INFO  - Entering invalid email.....
17:49:40.084 [main] INFO  - Error message captured.....
17:50:07.487 [main] INFO  - Navigating to policy bazaar home page.....
17:50:08.977 [main] INFO  - Hovering to insurance products.....
17:50:10.194 [main] INFO  - Storing the health insurance menu in excel.....
17:50:38.686 [main] INFO  - Navigating to policy bazaar home page.....
17:50:39.892 [main] INFO  - Clicking on health insurance link.....
17:50:45.734 [main] INFO  - Selecting a member.....
17:50:46.573 [main] INFO  - Selecting age of the member.....
17:50:48.028 [main] INFO  - Selecting city of the member.....
17:50:49.033 [main] INFO  - Entering contact details of the member.....
17:52:20.976 [main] INFO  - Navigating to policy bazaar home page.....
17:52:21.395 [main] INFO  - clicking on travel insurance icon.....
17:52:26.511 [main] INFO  - Entering Destination country .....
17:52:28.609 [main] INFO  - Entering the dates.....
17:52:31.695 [main] INFO  - Entering the Number of travellers and their ages.....
17:52:34.068 [main] INFO  - Selecting previous medical history.....
17:52:34.826 [main] INFO  - Entering contact details.....
17:52:36.808 [main] INFO  - Navigating to results page.....
17:52:41.518 [main] INFO  - selecting plan type.....
17:52:42.154 [main] INFO  - confirming with the No.of travellers.....
17:52:44.318 [main] INFO  - Sorting by low to high.....
17:52:52.023 [main] INFO  - Storing list in excel sheet.....
17:53:16.280 [main] INFO  - Navigating to policy bazaar home page.....
17:53:17.035 [main] INFO  - clicking on car insurance icon.....
17:53:21.567 [main] INFO  - clicking on view prices button without car number.....
17:53:22.224 [main] INFO  - Error message captured.....
17:53:22.873 [main] INFO  - clicking on new car button.....
17:53:25.054 [main] INFO  - Selecting city and rto.....
17:53:26.358 [main] INFO  - Selecting brand name.....
17:53:26.934 [main] INFO  - Selecting model name.....
17:53:27.446 [main] INFO  - Selecting fuel type.....
17:53:27.842 [main] INFO  - Selecting variant type.....
17:53:28.691 [main] INFO  - Entering invalid email.....
17:53:30.498 [main] INFO  - Error message captured.....
17:53:48.146 [main] INFO  - Navigating to policy bazaar home page.....
17:53:48.722 [main] INFO  - Hovering to insurance products.....
17:53:49.816 [main] INFO  - Storing the health insurance menu in excel.....
17:54:11.221 [main] INFO  - Navigating to policy bazaar home page.....
17:54:12.483 [main] INFO  - Clicking on health insurance link.....
17:54:17.259 [main] INFO  - Selecting a member.....
17:54:17.877 [main] INFO  - Selecting age of the member.....
17:54:18.789 [main] INFO  - Selecting city of the member.....
17:54:19.618 [main] INFO  - Entering contact details of the member.....
18:09:47.331 [main] INFO  - Navigating to policy bazaar home page.....
18:09:47.660 [main] INFO  - clicking on travel insurance icon.....
18:09:52.522 [main] INFO  - Entering Destination country .....
18:09:53.958 [main] INFO  - Entering the dates.....
18:09:55.780 [main] INFO  - Entering the Number of travellers and their ages.....
18:09:57.113 [main] INFO  - Selecting previous medical history.....
18:09:57.479 [main] INFO  - Entering contact details.....
18:09:59.558 [main] INFO  - Navigating to results page.....
18:10:02.985 [main] INFO  - selecting plan type.....
18:10:03.666 [main] INFO  - confirming with the No.of travellers.....
18:10:04.728 [main] INFO  - Sorting by low to high.....
18:10:13.036 [main] INFO  - Storing list in excel sheet.....
18:10:32.430 [main] INFO  - Navigating to policy bazaar home page.....
18:10:32.970 [main] INFO  - clicking on car insurance icon.....
18:10:36.104 [main] INFO  - clicking on view prices button without car number.....
18:10:36.515 [main] INFO  - Error message captured.....
18:10:37.012 [main] INFO  - clicking on new car button.....
18:10:38.821 [main] INFO  - Selecting city and rto.....
18:10:39.611 [main] INFO  - Selecting brand name.....
18:10:39.977 [main] INFO  - Selecting model name.....
18:10:40.449 [main] INFO  - Selecting fuel type.....
18:10:40.718 [main] INFO  - Selecting variant type.....
18:10:41.266 [main] INFO  - Entering invalid email.....
18:10:42.477 [main] INFO  - Error message captured.....
18:10:56.644 [main] INFO  - Navigating to policy bazaar home page.....
18:10:56.992 [main] INFO  - Hovering to insurance products.....
18:10:57.708 [main] INFO  - Storing the health insurance menu in excel.....
18:11:12.720 [main] INFO  - Navigating to policy bazaar home page.....
18:11:13.371 [main] INFO  - Clicking on health insurance link.....
18:11:16.559 [main] INFO  - Selecting a member.....
18:11:16.975 [main] INFO  - Selecting age of the member.....
18:11:17.611 [main] INFO  - Selecting city of the member.....
18:11:18.127 [main] INFO  - Entering contact details of the member.....
18:11:44.730 [main] INFO  - Sorting and storing the list in excel.....
18:12:03.445 [main] INFO  - Navigating to policy bazaar home page.....
18:12:03.484 [main] INFO  - clicking on travel insurance icon.....
18:12:04.148 [main] INFO  - Entering Destination country .....
18:12:08.771 [main] INFO  - Entering the dates.....
18:12:10.458 [main] INFO  - Entering the Number of travellers and their ages.....
18:19:02.770 [main] INFO  - Navigating to policy bazaar home page.....
18:19:03.188 [main] INFO  - clicking on travel insurance icon.....
18:19:08.484 [main] INFO  - Entering Destination country .....
18:19:10.638 [main] INFO  - Entering the dates.....
18:19:14.219 [main] INFO  - Entering the Number of travellers and their ages.....
18:19:15.952 [main] INFO  - Selecting previous medical history.....
18:19:16.395 [main] INFO  - Entering contact details.....
18:19:18.831 [main] INFO  - Navigating to results page.....
18:19:23.447 [main] INFO  - selecting plan type.....
18:19:24.078 [main] INFO  - confirming with the No.of travellers.....
18:19:26.428 [main] INFO  - Sorting by low to high.....
18:19:33.604 [main] INFO  - Storing list in excel sheet.....
18:19:55.954 [main] INFO  - Navigating to policy bazaar home page.....
18:19:56.799 [main] INFO  - clicking on car insurance icon.....
18:20:01.249 [main] INFO  - clicking on view prices button without car number.....
18:20:01.714 [main] INFO  - Error message captured.....
18:20:02.208 [main] INFO  - clicking on new car button.....
18:20:04.122 [main] INFO  - Selecting city and rto.....
18:20:05.105 [main] INFO  - Selecting brand name.....
18:20:05.667 [main] INFO  - Selecting model name.....
18:20:06.115 [main] INFO  - Selecting fuel type.....
18:20:06.410 [main] INFO  - Selecting variant type.....
18:20:07.044 [main] INFO  - Entering invalid email.....
18:20:08.592 [main] INFO  - Error message captured.....
18:20:27.085 [main] INFO  - Navigating to policy bazaar home page.....
18:20:27.957 [main] INFO  - Hovering to insurance products.....
18:20:28.690 [main] INFO  - Storing the health insurance menu in excel.....
18:20:48.603 [main] INFO  - Navigating to policy bazaar home page.....
18:20:49.433 [main] INFO  - Clicking on health insurance link.....
18:20:53.150 [main] INFO  - Selecting a member.....
18:20:53.641 [main] INFO  - Selecting age of the member.....
18:20:54.417 [main] INFO  - Selecting city of the member.....
18:20:55.086 [main] INFO  - Entering contact details of the member.....
18:21:09.905 [main] INFO  - Sorting and storing the list in excel.....
18:21:31.993 [main] INFO  - Navigating to policy bazaar home page.....
18:21:32.085 [main] INFO  - clicking on travel insurance icon.....
18:21:33.042 [main] INFO  - Entering Destination country .....
18:21:38.657 [main] INFO  - Entering the dates.....
18:21:41.078 [main] INFO  - Entering the Number of travellers and their ages.....
18:21:42.631 [main] INFO  - Selecting previous medical history.....
18:21:43.756 [main] INFO  - Entering invalid contact details.....
18:21:45.766 [main] INFO  - Capturing error message.....
18:22:16.892 [main] INFO  - selecting plan type.....
18:22:22.000 [main] INFO  - confirming with the No.of travellers.....
18:22:23.597 [main] INFO  - Sorting by low to high.....
18:22:26.035 [main] INFO  - Storing list in excel sheet.....
18:22:49.715 [main] INFO  - Navigating to policy bazaar home page.....
18:22:50.294 [main] INFO  - Hovering to insurance products.....
18:22:50.526 [main] INFO  - Storing the health insurance menu in excel.....
18:22:54.856 [main] INFO  - Clicking continue without selecting a member.....
18:22:55.337 [main] INFO  - capturing error message.....
18:23:19.284 [main] INFO  - Clicking continue without selecting a age.....
18:23:19.818 [main] INFO  - capturing error message.....
18:23:47.997 [main] INFO  - Clicking continue without selecting a city.....
18:23:48.525 [main] INFO  - capturing error message.....
18:24:18.862 [main] INFO  - Clicking continue without entering contact details.....
18:24:19.442 [main] INFO  - capturing error message.....
18:24:46.375 [main] INFO  - Clicking continue without entering phone number.....
18:24:47.218 [main] INFO  - capturing error message.....
18:25:13.932 [main] INFO  - Clicking continue without entering invalid phone number.....
18:25:14.976 [main] INFO  - capturing error message.....
18:25:39.974 [main] INFO  - Clicking continue without selecting medical check box.....
18:25:41.002 [main] INFO  - capturing error message.....
18:26:15.371 [main] INFO  - Sorting and storing the list in excel.....
18:26:36.483 [main] INFO  - Navigating to policy bazaar home page.....
18:26:36.867 [main] INFO  - clicking on travel insurance icon.....
18:26:41.444 [main] INFO  - Entering Destination country .....
18:27:02.554 [main] INFO  - Entering the dates.....
18:27:25.744 [main] INFO  - Entering the Number of travellers and their ages.....
18:27:51.440 [main] INFO  - Selecting previous medical history.....
18:28:16.256 [main] INFO  - Entering contact details.....
18:28:18.573 [main] INFO  - Navigating to results page.....
18:28:33.064 [main] INFO  - Navigating to policy bazaar home page.....
18:28:33.763 [main] INFO  - clicking on car insurance icon.....
18:28:36.550 [main] INFO  - clicking on view prices button without car number.....
18:28:37.056 [main] INFO  - Error message captured.....
18:28:55.855 [main] INFO  - clicking on new car button.....
18:28:57.950 [main] INFO  - Selecting city and rto.....
18:29:19.146 [main] INFO  - Selecting brand name.....
18:29:42.868 [main] INFO  - Selecting model name.....
18:30:05.843 [main] INFO  - Selecting fuel type.....
18:30:27.484 [main] INFO  - Selecting variant type.....
18:30:47.683 [main] INFO  - Clicking on view prices and captureing error messages.....
18:31:08.804 [main] INFO  - Entering invalid phone number.....
18:31:30.546 [main] INFO  - Entering invalid email.....
18:31:44.181 [main] INFO  - Navigating to policy bazaar home page.....
18:31:45.178 [main] INFO  - Hovering to insurance products.....
18:31:46.040 [main] INFO  - Storing the health insurance menu in excel.....
18:32:02.070 [main] INFO  - Clicking on health insurance link.....
18:32:05.350 [main] INFO  - Selecting a member.....
18:32:23.999 [main] INFO  - Selecting age of the member.....
18:32:44.369 [main] INFO  - Selecting city of the member.....
18:33:04.464 [main] INFO  - Entering contact details of the member.....
18:42:13.109 [main] INFO  - Navigating to policy bazaar home page.....
18:42:13.467 [main] INFO  - clicking on travel insurance icon.....
18:42:17.695 [main] INFO  - Entering Destination country .....
18:42:19.144 [main] INFO  - Entering the dates.....
18:42:20.815 [main] INFO  - Entering the Number of travellers and their ages.....
18:42:22.168 [main] INFO  - Selecting previous medical history.....
18:42:22.587 [main] INFO  - Entering contact details.....
18:42:24.420 [main] INFO  - Navigating to results page.....
18:42:28.341 [main] INFO  - selecting plan type.....
18:42:29.100 [main] INFO  - confirming with the No.of travellers.....
18:42:30.658 [main] INFO  - Sorting by low to high.....
18:42:37.132 [main] INFO  - Storing list in excel sheet.....
18:42:54.800 [main] INFO  - Navigating to policy bazaar home page.....
18:42:55.612 [main] INFO  - clicking on car insurance icon.....
18:42:58.506 [main] INFO  - clicking on view prices button without car number.....
18:42:58.929 [main] INFO  - Error message captured.....
18:42:59.380 [main] INFO  - clicking on new car button.....
18:43:01.187 [main] INFO  - Selecting city and rto.....
18:43:02.238 [main] INFO  - Selecting brand name.....
18:43:02.737 [main] INFO  - Selecting model name.....
18:43:03.120 [main] INFO  - Selecting fuel type.....
18:43:03.426 [main] INFO  - Selecting variant type.....
18:43:03.961 [main] INFO  - Entering invalid email.....
18:43:05.037 [main] INFO  - Error message captured.....
18:43:21.188 [main] INFO  - Navigating to policy bazaar home page.....
18:43:21.623 [main] INFO  - Hovering to insurance products.....
18:43:22.496 [main] INFO  - Storing the health insurance menu in excel.....
18:43:39.695 [main] INFO  - Navigating to policy bazaar home page.....
18:43:40.475 [main] INFO  - Clicking on health insurance link.....
18:43:44.260 [main] INFO  - Selecting a member.....
18:43:44.804 [main] INFO  - Selecting age of the member.....
18:43:45.612 [main] INFO  - Selecting city of the member.....
18:43:46.278 [main] INFO  - Entering contact details of the member.....
18:44:00.256 [main] INFO  - Sorting and storing the list in excel.....
18:44:24.138 [main] INFO  - Navigating to policy bazaar home page.....
18:44:24.201 [main] INFO  - clicking on travel insurance icon.....
18:44:25.044 [main] INFO  - Entering Destination country .....
18:44:30.470 [main] INFO  - Entering the dates.....
18:44:32.854 [main] INFO  - Entering the Number of travellers and their ages.....
18:44:34.135 [main] INFO  - Selecting previous medical history.....
18:44:35.121 [main] INFO  - Entering invalid contact details.....
18:44:36.837 [main] INFO  - Capturing error message.....
18:45:16.184 [main] INFO  - selecting plan type.....
18:48:53.426 [main] INFO  - Navigating to policy bazaar home page.....
18:48:54.299 [main] INFO  - clicking on travel insurance icon.....
18:49:01.745 [main] INFO  - Entering Destination country .....
18:49:05.209 [main] INFO  - Entering the dates.....
18:49:08.232 [main] INFO  - Entering the Number of travellers and their ages.....
18:49:10.215 [main] INFO  - Selecting previous medical history.....
18:49:10.913 [main] INFO  - Entering contact details.....
18:49:14.313 [main] INFO  - Navigating to results page.....
18:49:20.584 [main] INFO  - selecting plan type.....
18:49:21.286 [main] INFO  - confirming with the No.of travellers.....
18:49:22.728 [main] INFO  - Sorting by low to high.....
18:49:31.145 [main] INFO  - Storing list in excel sheet.....
18:50:02.988 [main] INFO  - Navigating to policy bazaar home page.....
18:50:04.568 [main] INFO  - clicking on car insurance icon.....
18:50:11.900 [main] INFO  - clicking on view prices button without car number.....
18:50:12.809 [main] INFO  - Error message captured.....
18:50:13.526 [main] INFO  - clicking on new car button.....
18:50:15.964 [main] INFO  - Selecting city and rto.....
18:50:18.268 [main] INFO  - Selecting brand name.....
18:50:19.292 [main] INFO  - Selecting model name.....
18:50:19.966 [main] INFO  - Selecting fuel type.....
18:50:20.344 [main] INFO  - Selecting variant type.....
18:50:21.319 [main] INFO  - Entering invalid email.....
18:50:23.121 [main] INFO  - Error message captured.....
18:50:47.986 [main] INFO  - Navigating to policy bazaar home page.....
18:50:48.949 [main] INFO  - Hovering to insurance products.....
18:50:49.997 [main] INFO  - Storing the health insurance menu in excel.....
18:51:14.055 [main] INFO  - Navigating to policy bazaar home page.....
18:51:15.308 [main] INFO  - Clicking on health insurance link.....
18:51:21.779 [main] INFO  - Selecting a member.....
18:51:22.771 [main] INFO  - Selecting age of the member.....
18:51:23.598 [main] INFO  - Selecting city of the member.....
18:51:24.246 [main] INFO  - Entering contact details of the member.....
18:51:45.683 [main] INFO  - Sorting and storing the list in excel.....
18:52:16.049 [main] INFO  - Navigating to policy bazaar home page.....
18:52:16.149 [main] INFO  - clicking on travel insurance icon.....
18:52:17.524 [main] INFO  - Entering Destination country .....
18:52:24.220 [main] INFO  - Entering the dates.....
18:52:27.317 [main] INFO  - Entering the Number of travellers and their ages.....
18:52:29.624 [main] INFO  - Selecting previous medical history.....
18:52:31.229 [main] INFO  - Entering invalid contact details.....
18:52:32.920 [main] INFO  - Capturing error message.....
18:53:10.949 [main] INFO  - selecting plan type.....
18:53:16.640 [main] INFO  - confirming with the No.of travellers.....
18:53:18.423 [main] INFO  - Sorting by low to high.....
18:53:20.539 [main] INFO  - Storing list in excel sheet.....
18:53:53.923 [main] INFO  - Navigating to policy bazaar home page.....
18:53:54.539 [main] INFO  - Hovering to insurance products.....
18:53:54.793 [main] INFO  - Storing the health insurance menu in excel.....
18:54:00.487 [main] INFO  - Clicking continue without selecting a member.....
18:54:00.995 [main] INFO  - capturing error message.....
18:54:26.221 [main] INFO  - Clicking continue without selecting a age.....
18:54:26.991 [main] INFO  - capturing error message.....
18:54:59.015 [main] INFO  - Clicking continue without selecting a city.....
18:54:59.737 [main] INFO  - capturing error message.....
18:55:30.428 [main] INFO  - Clicking continue without entering contact details.....
18:55:31.240 [main] INFO  - capturing error message.....
18:56:00.996 [main] INFO  - Clicking continue without entering phone number.....
18:56:02.014 [main] INFO  - capturing error message.....
18:56:33.836 [main] INFO  - Clicking continue without entering invalid phone number.....
18:56:35.248 [main] INFO  - capturing error message.....
18:57:06.844 [main] INFO  - Clicking continue without selecting medical check box.....
18:57:07.614 [main] INFO  - capturing error message.....
18:57:57.157 [main] INFO  - Sorting and storing the list in excel.....
18:58:38.275 [main] INFO  - Navigating to policy bazaar home page.....
18:58:39.080 [main] INFO  - clicking on travel insurance icon.....
18:58:46.682 [main] INFO  - Entering Destination country .....
18:59:25.052 [main] INFO  - Entering the dates.....
19:00:11.297 [main] INFO  - Entering the Number of travellers and their ages.....
19:00:57.700 [main] INFO  - Selecting previous medical history.....
19:01:47.906 [main] INFO  - Entering contact details.....
19:01:50.953 [main] INFO  - Navigating to results page.....
19:02:25.424 [main] INFO  - Navigating to policy bazaar home page.....
19:02:26.980 [main] INFO  - clicking on car insurance icon.....
19:02:31.850 [main] INFO  - clicking on view prices button without car number.....
19:02:32.435 [main] INFO  - Error message captured.....
19:03:05.818 [main] INFO  - clicking on new car button.....
19:03:08.830 [main] INFO  - Selecting city and rto.....
19:03:53.876 [main] INFO  - Selecting brand name.....
19:05:13.582 [main] INFO  - Selecting model name.....
19:06:00.858 [main] INFO  - Selecting fuel type.....
19:06:41.467 [main] INFO  - Selecting variant type.....
19:07:23.363 [main] INFO  - Clicking on view prices and captureing error messages.....
19:08:04.371 [main] INFO  - Entering invalid phone number.....
19:08:46.440 [main] INFO  - Entering invalid email.....
19:09:14.291 [main] INFO  - Navigating to policy bazaar home page.....
19:09:16.216 [main] INFO  - Hovering to insurance products.....
19:09:17.520 [main] INFO  - Storing the health insurance menu in excel.....
19:09:53.005 [main] INFO  - Clicking on health insurance link.....
19:10:01.257 [main] INFO  - Selecting a member.....
19:10:38.341 [main] INFO  - Selecting age of the member.....
19:11:17.784 [main] INFO  - Selecting city of the member.....
19:11:57.592 [main] INFO  - Entering contact details of the member.....
19:12:49.485 [main] INFO  - Navigating to policy bazaar home page.....
19:12:50.532 [main] INFO  - clicking on travel insurance icon.....
19:12:57.869 [main] INFO  - Entering Destination country .....
19:13:01.310 [main] INFO  - Entering the dates.....
19:13:05.001 [main] INFO  - Entering the Number of travellers and their ages.....
19:13:07.910 [main] INFO  - Selecting previous medical history.....
19:13:09.197 [main] INFO  - Entering contact details.....
19:13:11.776 [main] INFO  - Navigating to results page.....
09:15:20.196 [main] INFO  - Navigating to policy bazaar home page.....
09:15:20.795 [main] INFO  - clicking on travel insurance icon.....
09:15:26.837 [main] INFO  - Entering Destination country .....
09:15:29.394 [main] INFO  - Entering the dates.....
09:15:32.159 [main] INFO  - Entering the Number of travellers and their ages.....
09:16:19.664 [main] INFO  - Navigating to policy bazaar home page.....
09:16:20.235 [main] INFO  - clicking on travel insurance icon.....
09:16:26.122 [main] INFO  - Entering Destination country .....
09:16:28.772 [main] INFO  - Entering the dates.....
09:16:31.871 [main] INFO  - Entering the Number of travellers and their ages.....
09:16:34.379 [main] INFO  - Selecting previous medical history.....
09:16:35.974 [main] INFO  - Entering contact details.....
09:16:39.468 [main] INFO  - Navigating to results page.....
09:16:43.612 [main] INFO  - selecting plan type.....
09:16:44.927 [main] INFO  - confirming with the No.of travellers.....
09:16:46.662 [main] INFO  - Sorting by low to high.....
09:16:54.746 [main] INFO  - Storing list in excel sheet.....
09:17:22.651 [main] INFO  - Navigating to policy bazaar home page.....
09:17:23.542 [main] INFO  - clicking on car insurance icon.....
09:17:28.342 [main] INFO  - clicking on view prices button without car number.....
09:17:29.002 [main] INFO  - Error message captured.....
09:17:29.667 [main] INFO  - clicking on new car button.....
09:17:31.409 [main] INFO  - Selecting city and rto.....
09:17:33.247 [main] INFO  - Selecting brand name.....
09:17:34.035 [main] INFO  - Selecting model name.....
09:17:34.649 [main] INFO  - Selecting fuel type.....
09:17:35.020 [main] INFO  - Selecting variant type.....
09:17:35.773 [main] INFO  - Entering invalid email.....
09:17:37.506 [main] INFO  - Error message captured.....
09:18:04.471 [main] INFO  - Navigating to policy bazaar home page.....
09:18:05.154 [main] INFO  - Hovering to insurance products.....
09:18:06.218 [main] INFO  - Storing the health insurance menu in excel.....
09:18:26.324 [main] INFO  - Navigating to policy bazaar home page.....
09:18:38.053 [main] INFO  - Clicking on health insurance link.....
09:18:43.538 [main] INFO  - Selecting a member.....
09:18:44.238 [main] INFO  - Selecting age of the member.....
09:18:45.330 [main] INFO  - Selecting city of the member.....
09:18:46.137 [main] INFO  - Entering contact details of the member.....
09:19:21.346 [main] INFO  - Sorting and storing the list in excel.....
09:19:48.628 [main] INFO  - Navigating to policy bazaar home page.....
09:19:48.695 [main] INFO  - clicking on travel insurance icon.....
09:19:49.538 [main] INFO  - Entering Destination country .....
09:19:55.599 [main] INFO  - Entering the dates.....
09:19:58.286 [main] INFO  - Entering the Number of travellers and their ages.....
09:19:59.953 [main] INFO  - Selecting previous medical history.....
09:20:01.374 [main] INFO  - Entering invalid contact details.....
09:20:03.022 [main] INFO  - Capturing error message.....
09:20:37.072 [main] INFO  - selecting plan type.....
09:20:42.069 [main] INFO  - confirming with the No.of travellers.....
09:20:43.521 [main] INFO  - Sorting by low to high.....
09:20:45.336 [main] INFO  - Storing list in excel sheet.....
09:21:10.514 [main] INFO  - Navigating to policy bazaar home page.....
09:21:11.014 [main] INFO  - Hovering to insurance products.....
09:21:11.297 [main] INFO  - Storing the health insurance menu in excel.....
09:21:16.272 [main] INFO  - Clicking continue without selecting a member.....
09:21:16.767 [main] INFO  - capturing error message.....
09:21:42.440 [main] INFO  - Clicking continue without selecting a age.....
09:21:43.031 [main] INFO  - capturing error message.....
09:22:11.907 [main] INFO  - Clicking continue without selecting a city.....
09:22:12.441 [main] INFO  - capturing error message.....
