09:09:26.640 [main] INFO  - Navigating to policy bazaar home page.....
09:09:27.045 [main] INFO  - clicking on travel insurance icon.....
09:09:31.243 [main] INFO  - Entering Destination country .....
09:09:32.856 [main] INFO  - Entering the dates.....
09:09:34.767 [main] INFO  - Entering the Number of travellers and their ages.....
09:09:36.150 [main] INFO  - Selecting previous medical history.....
09:09:36.733 [main] INFO  - Entering contact details.....
09:09:38.235 [main] INFO  - Navigating to results page.....
09:09:40.926 [main] INFO  - selecting plan type.....
09:09:42.047 [main] INFO  - confirming with the No.of travellers.....
09:09:43.555 [main] INFO  - Sorting by low to high.....
09:09:50.443 [main] INFO  - Storing list in excel sheet.....
09:10:12.153 [main] INFO  - Navigating to policy bazaar home page.....
09:10:12.707 [main] INFO  - clicking on car insurance icon.....
09:10:16.345 [main] INFO  - clicking on view prices button without car number.....
09:10:16.736 [main] INFO  - Error message captured.....
09:10:17.227 [main] INFO  - clicking on new car button.....
09:10:19.931 [main] INFO  - Selecting city and rto.....
09:10:20.601 [main] INFO  - Selecting brand name.....
09:10:21.095 [main] INFO  - Selecting model name.....
09:10:21.688 [main] INFO  - Selecting fuel type.....
09:10:22.194 [main] INFO  - Selecting variant type.....
09:10:22.679 [main] INFO  - Entering invalid email.....
09:10:24.191 [main] INFO  - Error message captured.....
09:10:40.094 [main] INFO  - Navigating to policy bazaar home page.....
09:10:40.755 [main] INFO  - Hovering to insurance products.....
09:10:41.676 [main] INFO  - Storing the health insurance menu in excel.....
09:11:00.286 [main] INFO  - Navigating to policy bazaar home page.....
09:11:01.176 [main] INFO  - Clicking on health insurance link.....
09:11:05.016 [main] INFO  - Selecting a member.....
09:11:05.460 [main] INFO  - Selecting age of the member.....
09:11:06.233 [main] INFO  - Selecting city of the member.....
09:11:06.883 [main] INFO  - Entering contact details of the member.....
09:11:22.863 [main] INFO  - Sorting and storing the list in excel.....
09:11:44.740 [main] INFO  - Navigating to policy bazaar home page.....
09:11:44.760 [main] INFO  - clicking on travel insurance icon.....
09:11:45.114 [main] INFO  - Entering Destination country .....
09:11:49.740 [main] INFO  - Entering the dates.....
09:11:52.029 [main] INFO  - Entering the Number of travellers and their ages.....
09:11:53.346 [main] INFO  - Selecting previous medical history.....
09:11:54.308 [main] INFO  - Entering invalid contact details.....
09:11:55.446 [main] INFO  - Capturing error message.....
09:12:24.139 [main] INFO  - selecting plan type.....
09:12:29.899 [main] INFO  - confirming with the No.of travellers.....
09:12:31.471 [main] INFO  - Sorting by low to high.....
09:12:33.572 [main] INFO  - Storing list in excel sheet.....
09:13:00.826 [main] INFO  - Navigating to policy bazaar home page.....
09:13:01.253 [main] INFO  - Hovering to insurance products.....
09:13:01.661 [main] INFO  - Storing the health insurance menu in excel.....
09:13:05.708 [main] INFO  - Clicking continue without selecting a member.....
09:13:06.268 [main] INFO  - capturing error message.....
09:13:34.818 [main] INFO  - Clicking continue without selecting a age.....
09:13:35.375 [main] INFO  - capturing error message.....
09:14:01.479 [main] INFO  - Clicking continue without selecting a city.....
09:14:01.916 [main] INFO  - capturing error message.....
09:14:34.737 [main] INFO  - Clicking continue without entering contact details.....
09:14:35.177 [main] INFO  - capturing error message.....
09:14:59.035 [main] INFO  - Clicking continue without entering phone number.....
09:14:59.845 [main] INFO  - capturing error message.....
09:15:23.595 [main] INFO  - Clicking continue without entering invalid phone number.....
09:15:24.834 [main] INFO  - capturing error message.....
09:15:49.550 [main] INFO  - Clicking continue without selecting medical check box.....
09:15:50.057 [main] INFO  - capturing error message.....
09:16:24.639 [main] INFO  - Sorting and storing the list in excel.....
09:16:50.397 [main] INFO  - Navigating to policy bazaar home page.....
09:16:50.820 [main] INFO  - clicking on travel insurance icon.....
09:16:54.835 [main] INFO  - Entering Destination country .....
09:17:24.921 [main] INFO  - Entering the dates.....
09:17:54.645 [main] INFO  - Entering the Number of travellers and their ages.....
09:18:30.133 [main] INFO  - Selecting previous medical history.....
09:19:00.145 [main] INFO  - Entering contact details.....
09:19:01.860 [main] INFO  - Navigating to results page.....
09:19:18.803 [main] INFO  - Navigating to policy bazaar home page.....
09:19:19.881 [main] INFO  - clicking on car insurance icon.....
09:19:22.407 [main] INFO  - clicking on view prices button without car number.....
09:19:24.099 [main] INFO  - Error message captured.....
09:19:44.247 [main] INFO  - clicking on new car button.....
09:19:50.120 [main] INFO  - Selecting city and rto.....
09:20:17.492 [main] INFO  - Selecting brand name.....
09:20:43.893 [main] INFO  - Selecting model name.....
09:21:12.418 [main] INFO  - Selecting fuel type.....
09:21:40.626 [main] INFO  - Selecting variant type.....
09:22:11.750 [main] INFO  - Clicking on view prices and captureing error messages.....
09:22:41.848 [main] INFO  - Entering invalid phone number.....
09:23:11.944 [main] INFO  - Entering invalid email.....
09:23:31.905 [main] INFO  - Navigating to policy bazaar home page.....
09:23:32.797 [main] INFO  - Hovering to insurance products.....
09:23:33.606 [main] INFO  - Storing the health insurance menu in excel.....
09:23:59.190 [main] INFO  - Clicking on health insurance link.....
09:24:04.269 [main] INFO  - Selecting a member.....
09:24:27.826 [main] INFO  - Selecting age of the member.....
09:24:50.757 [main] INFO  - Selecting city of the member.....
09:25:21.347 [main] INFO  - Entering contact details of the member.....
09:53:29.971 [main] INFO  - Navigating to policy bazaar home page.....
09:53:30.630 [main] INFO  - clicking on travel insurance icon.....
09:53:36.070 [main] INFO  - Entering Destination country .....
09:53:38.375 [main] INFO  - Entering the dates.....
09:53:41.267 [main] INFO  - Entering the Number of travellers and their ages.....
09:53:42.498 [main] INFO  - Selecting previous medical history.....
09:53:43.898 [main] INFO  - Entering contact details.....
09:53:45.957 [main] INFO  - Navigating to results page.....
09:53:51.663 [main] INFO  - selecting plan type.....
09:53:52.938 [main] INFO  - confirming with the No.of travellers.....
09:53:54.468 [main] INFO  - Sorting by low to high.....
09:54:43.597 [main] INFO  - Navigating to policy bazaar home page.....
09:54:43.994 [main] INFO  - clicking on car insurance icon.....
09:54:47.785 [main] INFO  - clicking on view prices button without car number.....
09:54:48.148 [main] INFO  - Error message captured.....
09:54:50.794 [main] INFO  - clicking on new car button.....
09:54:53.882 [main] INFO  - Selecting city and rto.....
09:54:54.434 [main] INFO  - Selecting brand name.....
09:54:55.149 [main] INFO  - Selecting model name.....
09:54:55.769 [main] INFO  - Selecting fuel type.....
09:54:56.248 [main] INFO  - Selecting variant type.....
09:54:56.656 [main] INFO  - Entering invalid email.....
09:54:57.997 [main] INFO  - Error message captured.....
09:55:08.938 [main] INFO  - Navigating to policy bazaar home page.....
09:55:38.719 [main] INFO  - Hovering to insurance products.....
09:55:39.172 [main] INFO  - Storing the health insurance menu in excel.....
09:55:51.661 [main] INFO  - Navigating to policy bazaar home page.....
10:04:02.876 [main] INFO  - Navigating to policy bazaar home page.....
10:04:27.456 [main] INFO  - clicking on car insurance icon.....
10:04:31.439 [main] INFO  - clicking on view prices button without car number.....
10:04:31.967 [main] INFO  - Error message captured.....
10:04:34.776 [main] INFO  - clicking on new car button.....
10:04:39.080 [main] INFO  - Selecting city and rto.....
10:04:39.991 [main] INFO  - Selecting brand name.....
10:05:12.132 [main] INFO  - Navigating to policy bazaar home page.....
10:05:12.638 [main] INFO  - clicking on travel insurance icon.....
10:05:18.658 [main] INFO  - Entering Destination country .....
10:05:21.389 [main] INFO  - Entering the dates.....
10:05:24.045 [main] INFO  - Entering the Number of travellers and their ages.....
10:05:25.915 [main] INFO  - Selecting previous medical history.....
10:05:26.747 [main] INFO  - Entering contact details.....
10:05:30.098 [main] INFO  - Navigating to results page.....
10:06:25.836 [main] INFO  - Navigating to policy bazaar home page.....
10:06:26.224 [main] INFO  - clicking on travel insurance icon.....
10:06:30.904 [main] INFO  - Entering Destination country .....
10:06:33.191 [main] INFO  - Entering the dates.....
10:06:35.860 [main] INFO  - Entering the Number of travellers and their ages.....
10:06:37.488 [main] INFO  - Selecting previous medical history.....
10:06:38.147 [main] INFO  - Entering contact details.....
10:06:40.528 [main] INFO  - Navigating to results page.....
10:07:42.058 [main] INFO  - Navigating to policy bazaar home page.....
10:07:42.532 [main] INFO  - clicking on travel insurance icon.....
10:07:49.211 [main] INFO  - Entering Destination country .....
10:07:51.669 [main] INFO  - Entering the dates.....
10:07:54.389 [main] INFO  - Entering the Number of travellers and their ages.....
10:07:56.399 [main] INFO  - Selecting previous medical history.....
10:07:57.696 [main] INFO  - Entering contact details.....
10:08:01.504 [main] INFO  - Navigating to results page.....
10:08:06.829 [main] INFO  - selecting plan type.....
10:08:08.112 [main] INFO  - confirming with the No.of travellers.....
10:08:11.108 [main] INFO  - Sorting by low to high.....
10:08:19.574 [main] INFO  - Storing list in excel sheet.....
10:08:34.973 [main] INFO  - Navigating to policy bazaar home page.....
10:09:02.464 [main] INFO  - clicking on car insurance icon.....
10:09:06.283 [main] INFO  - clicking on view prices button without car number.....
10:09:06.990 [main] INFO  - Error message captured.....
10:09:07.774 [main] INFO  - clicking on new car button.....
10:09:18.965 [main] INFO  - Selecting city and rto.....
10:09:19.776 [main] INFO  - Selecting brand name.....
10:09:21.012 [main] INFO  - Selecting model name.....
10:09:21.919 [main] INFO  - Selecting fuel type.....
10:09:22.966 [main] INFO  - Selecting variant type.....
10:09:23.624 [main] INFO  - Entering invalid email.....
10:09:25.705 [main] INFO  - Error message captured.....
10:09:47.660 [main] INFO  - Navigating to policy bazaar home page.....
10:09:48.206 [main] INFO  - Hovering to insurance products.....
10:09:49.524 [main] INFO  - Storing the health insurance menu in excel.....
10:10:07.287 [main] INFO  - Navigating to policy bazaar home page.....
10:10:35.795 [main] INFO  - Clicking on health insurance link.....
10:10:39.053 [main] INFO  - Selecting a member.....
10:10:39.797 [main] INFO  - Selecting age of the member.....
10:10:40.501 [main] INFO  - Selecting city of the member.....
10:10:41.072 [main] INFO  - Entering contact details of the member.....
10:11:01.907 [main] INFO  - Sorting and storing the list in excel.....
10:14:50.315 [main] INFO  - Navigating to policy bazaar home page.....
10:14:50.796 [main] INFO  - clicking on travel insurance icon.....
10:14:59.977 [main] INFO  - Entering Destination country .....
10:15:02.011 [main] INFO  - Entering the dates.....
10:15:04.606 [main] INFO  - Entering the Number of travellers and their ages.....
10:15:06.674 [main] INFO  - Selecting previous medical history.....
10:15:07.307 [main] INFO  - Entering contact details.....
10:15:10.476 [main] INFO  - Navigating to results page.....
10:15:15.530 [main] INFO  - selecting plan type.....
10:15:17.456 [main] INFO  - confirming with the No.of travellers.....
10:15:19.333 [main] INFO  - Sorting by low to high.....
10:15:29.475 [main] INFO  - Storing list in excel sheet.....
10:16:15.298 [main] INFO  - Navigating to policy bazaar home page.....
10:16:15.751 [main] INFO  - clicking on car insurance icon.....
10:16:20.147 [main] INFO  - clicking on view prices button without car number.....
10:16:20.613 [main] INFO  - Error message captured.....
10:16:21.178 [main] INFO  - clicking on new car button.....
10:16:30.546 [main] INFO  - Selecting city and rto.....
10:16:31.242 [main] INFO  - Selecting brand name.....
10:16:31.843 [main] INFO  - Selecting model name.....
10:16:32.574 [main] INFO  - Selecting fuel type.....
10:16:33.548 [main] INFO  - Selecting variant type.....
10:16:34.166 [main] INFO  - Entering invalid email.....
10:16:36.284 [main] INFO  - Error message captured.....
10:17:03.901 [main] INFO  - Navigating to policy bazaar home page.....
10:17:45.414 [main] INFO  - Navigating to policy bazaar home page.....
10:17:46.106 [main] INFO  - Clicking on health insurance link.....
10:17:50.109 [main] INFO  - Selecting a member.....
10:17:50.870 [main] INFO  - Selecting age of the member.....
10:17:51.549 [main] INFO  - Selecting city of the member.....
10:17:52.202 [main] INFO  - Entering contact details of the member.....
10:18:14.613 [main] INFO  - Sorting and storing the list in excel.....
10:31:16.337 [main] INFO  - Navigating to policy bazaar home page.....
10:31:16.759 [main] INFO  - clicking on travel insurance icon.....
10:31:21.485 [main] INFO  - Entering Destination country .....
10:31:23.522 [main] INFO  - Entering the dates.....
10:32:20.804 [main] INFO  - Navigating to policy bazaar home page.....
10:32:21.469 [main] INFO  - clicking on travel insurance icon.....
10:32:27.232 [main] INFO  - Entering Destination country .....
10:32:29.817 [main] INFO  - Entering the dates.....
10:32:32.172 [main] INFO  - Entering the Number of travellers and their ages.....
10:32:34.125 [main] INFO  - Selecting previous medical history.....
10:32:34.649 [main] INFO  - Entering contact details.....
10:32:36.886 [main] INFO  - Navigating to results page.....
10:32:43.867 [main] INFO  - selecting plan type.....
10:32:44.320 [main] INFO  - confirming with the No.of travellers.....
10:32:45.708 [main] INFO  - Sorting by low to high.....
10:32:53.479 [main] INFO  - Storing list in excel sheet.....
10:33:14.260 [main] INFO  - Navigating to policy bazaar home page.....
10:33:15.003 [main] INFO  - clicking on car insurance icon.....
10:33:18.369 [main] INFO  - clicking on view prices button without car number.....
10:33:19.732 [main] INFO  - Error message captured.....
10:33:20.526 [main] INFO  - clicking on new car button.....
10:33:23.749 [main] INFO  - Selecting city and rto.....
10:33:24.533 [main] INFO  - Selecting brand name.....
10:33:25.138 [main] INFO  - Selecting model name.....
10:33:26.046 [main] INFO  - Selecting fuel type.....
10:33:26.776 [main] INFO  - Selecting variant type.....
10:33:27.430 [main] INFO  - Entering invalid email.....
10:33:32.066 [main] INFO  - Error message captured.....
10:33:53.455 [main] INFO  - Navigating to policy bazaar home page.....
10:33:54.020 [main] INFO  - Hovering to insurance products.....
10:33:55.234 [main] INFO  - Storing the health insurance menu in excel.....
10:34:17.672 [main] INFO  - Navigating to policy bazaar home page.....
10:34:18.484 [main] INFO  - Clicking on health insurance link.....
10:34:39.970 [main] INFO  - Selecting a member.....
10:34:40.806 [main] INFO  - Selecting age of the member.....
10:34:41.931 [main] INFO  - Selecting city of the member.....
10:34:43.333 [main] INFO  - Entering contact details of the member.....
10:35:20.396 [main] INFO  - Sorting and storing the list in excel.....
